[2023-10-18 14:17:35,523: INFO: main: >>>>>> stage Data Ingestion stage started <<<<<<]
[2023-10-18 14:17:35,588: INFO: common: yaml file: config\config.yaml loaded successfully]
[2023-10-18 14:17:35,616: INFO: common: yaml file: params.yaml loaded successfully]
[2023-10-18 14:17:35,622: INFO: common: created directory at: artifacts]
[2023-10-18 14:17:35,626: INFO: common: created directory at: artifacts/data_ingestion]
[2023-10-18 14:17:41,163: INFO: data_ingestion: artifacts/data_ingestion/data.zip download! with following info: 
Connection: close
Content-Length: 7903594
Cache-Control: max-age=300
Content-Security-Policy: default-src 'none'; style-src 'unsafe-inline'; sandbox
Content-Type: application/zip
ETag: "dbc016a060da18070593b83afff580c9b300f0b6ea4147a7988433e04df246ca"
Strict-Transport-Security: max-age=31536000
X-Content-Type-Options: nosniff
X-Frame-Options: deny
X-XSS-Protection: 1; mode=block
X-GitHub-Request-Id: 2F50:359DD7:2B90B:490F9:652F9BA8
Accept-Ranges: bytes
Date: Wed, 18 Oct 2023 08:47:38 GMT
Via: 1.1 varnish
X-Served-By: cache-hyd1100031-HYD
X-Cache: MISS
X-Cache-Hits: 0
X-Timer: S1697618858.245319,VS0,VE699
Vary: Authorization,Accept-Encoding,Origin
Access-Control-Allow-Origin: *
Cross-Origin-Resource-Policy: cross-origin
X-Fastly-Request-ID: 7ee0833070a6d28b18705959211a3b0b14bd400f
Expires: Wed, 18 Oct 2023 08:52:38 GMT
Source-Age: 0

]
[2023-10-18 14:17:42,236: INFO: main: >>>>>> stage Data Ingestion stage completed <<<<<<

x==========x]
[2023-10-18 14:17:42,237: INFO: main: >>>>>> stage Data Validation stage started <<<<<<]
[2023-10-18 14:17:42,266: INFO: common: yaml file: config\config.yaml loaded successfully]
[2023-10-18 14:17:42,342: INFO: common: yaml file: params.yaml loaded successfully]
[2023-10-18 14:17:42,348: INFO: common: created directory at: artifacts]
[2023-10-18 14:17:42,356: INFO: common: created directory at: artifacts/data_validation]
[2023-10-18 14:17:42,401: INFO: main: >>>>>> stage Data Validation stage completed <<<<<<

x==========x]
[2023-10-18 14:17:42,402: INFO: main: >>>>>> stage Data Transformation stage started <<<<<<]
[2023-10-18 14:17:42,422: INFO: common: yaml file: config\config.yaml loaded successfully]
[2023-10-18 14:17:42,472: INFO: common: yaml file: params.yaml loaded successfully]
[2023-10-18 14:17:42,474: INFO: common: created directory at: artifacts]
[2023-10-18 14:17:43,107: INFO: common: created directory at: artifacts/data_transformation]
[2023-10-18 14:18:10,654: INFO: main: >>>>>> stage Data Transformation stage completed <<<<<<

x==========x]
[2023-10-18 14:18:10,658: INFO: main: *******************]
[2023-10-18 14:18:10,662: INFO: main: >>>>>> stage Model Trainer stage started <<<<<<]
[2023-10-18 14:18:10,681: INFO: common: yaml file: config\config.yaml loaded successfully]
[2023-10-18 14:18:10,730: INFO: common: yaml file: params.yaml loaded successfully]
[2023-10-18 14:18:10,734: INFO: common: created directory at: artifacts]
[2023-10-18 14:18:10,738: INFO: common: created directory at: artifacts/model_trainer]
[2023-10-18 14:20:00,854: ERROR: main: Using the `Trainer` with `PyTorch` requires `accelerate>=0.20.1`: Please run `pip install transformers[torch]` or `pip install accelerate -U`]
Traceback (most recent call last):
  File "main.py", line 51, in <module>
    model_trainer.main()
  File "d:\pwskills.com\nlp\text-summarization-nlp-project-main\src\textSummarizer\pipeline\stage_04_model_trainer.py", line 14, in main
    model_trainer_config.train()
  File "d:\pwskills.com\nlp\text-summarization-nlp-project-main\src\textSummarizer\conponents\model_trainer.py", line 34, in train
    trainer_args = TrainingArguments(
  File "<string>", line 115, in __init__
  File "C:\Users\admin\anaconda3\envs\textS\lib\site-packages\transformers\training_args.py", line 1436, in __post_init__
    and (self.device.type != "cuda")
  File "C:\Users\admin\anaconda3\envs\textS\lib\site-packages\transformers\training_args.py", line 1901, in device
    return self._setup_devices
  File "C:\Users\admin\anaconda3\envs\textS\lib\site-packages\transformers\utils\generic.py", line 54, in __get__
    cached = self.fget(obj)
  File "C:\Users\admin\anaconda3\envs\textS\lib\site-packages\transformers\training_args.py", line 1801, in _setup_devices
    raise ImportError(
ImportError: Using the `Trainer` with `PyTorch` requires `accelerate>=0.20.1`: Please run `pip install transformers[torch]` or `pip install accelerate -U`
[2023-10-18 14:24:52,864: INFO: main: >>>>>> stage Data Ingestion stage started <<<<<<]
[2023-10-18 14:24:52,875: INFO: common: yaml file: config\config.yaml loaded successfully]
[2023-10-18 14:24:52,885: INFO: common: yaml file: params.yaml loaded successfully]
[2023-10-18 14:24:52,894: INFO: common: created directory at: artifacts]
[2023-10-18 14:24:52,905: INFO: common: created directory at: artifacts/data_ingestion]
[2023-10-18 14:24:52,908: INFO: data_ingestion: File already exists of size: ~ 7718 KB]
[2023-10-18 14:24:53,297: INFO: main: >>>>>> stage Data Ingestion stage completed <<<<<<

x==========x]
[2023-10-18 14:24:53,300: INFO: main: >>>>>> stage Data Validation stage started <<<<<<]
[2023-10-18 14:24:53,316: INFO: common: yaml file: config\config.yaml loaded successfully]
[2023-10-18 14:24:53,355: INFO: common: yaml file: params.yaml loaded successfully]
[2023-10-18 14:24:53,384: INFO: common: created directory at: artifacts]
[2023-10-18 14:24:53,389: INFO: common: created directory at: artifacts/data_validation]
[2023-10-18 14:24:53,408: INFO: main: >>>>>> stage Data Validation stage completed <<<<<<

x==========x]
[2023-10-18 14:24:53,413: INFO: main: >>>>>> stage Data Transformation stage started <<<<<<]
[2023-10-18 14:24:53,424: INFO: common: yaml file: config\config.yaml loaded successfully]
[2023-10-18 14:24:53,432: INFO: common: yaml file: params.yaml loaded successfully]
[2023-10-18 14:24:53,433: INFO: common: created directory at: artifacts]
[2023-10-18 14:24:53,435: INFO: common: created directory at: artifacts/data_transformation]
[2023-10-18 14:24:59,485: INFO: main: >>>>>> stage Data Transformation stage completed <<<<<<

x==========x]
[2023-10-18 14:24:59,487: INFO: main: *******************]
[2023-10-18 14:24:59,488: INFO: main: >>>>>> stage Model Trainer stage started <<<<<<]
[2023-10-18 14:24:59,498: INFO: common: yaml file: config\config.yaml loaded successfully]
[2023-10-18 14:24:59,506: INFO: common: yaml file: params.yaml loaded successfully]
[2023-10-18 14:24:59,514: INFO: common: created directory at: artifacts]
[2023-10-18 14:24:59,520: INFO: common: created directory at: artifacts/model_trainer]
